0 info it worked if it ends with ok
1 verbose cli [ 'C:\\Users\\Tim\\Dropbox\\Current Projects\\!node.js\\\\node.exe',
1 verbose cli   'C:\\Users\\Tim\\Dropbox\\Current Projects\\!node.js\\node_modules\\npm\\bin\\npm-cli.js',
1 verbose cli   'run',
1 verbose cli   'build' ]
2 info using npm@1.4.23
3 info using node@v0.10.31
4 verbose node symlink C:\Users\Tim\Dropbox\Current Projects\!node.js\\node.exe
5 verbose run-script [ 'prebuild', 'build', 'postbuild' ]
6 info prebuild TPPPark@2.0.0
7 info build TPPPark@2.0.0
8 verbose unsafe-perm in lifecycle true
9 info TPPPark@2.0.0 Failed to exec build script
10 error TPPPark@2.0.0 build: `node build/build.js`
10 error Exit status 8
11 error Failed at the TPPPark@2.0.0 build script.
11 error This is most likely a problem with the TPPPark package,
11 error not with npm itself.
11 error Tell the author that this fails on your system:
11 error     node build/build.js
11 error You can get their info via:
11 error     npm owner ls TPPPark
11 error There is likely additional logging output above.
12 error System Windows_NT 6.1.7601
13 error command "C:\\Users\\Tim\\Dropbox\\Current Projects\\!node.js\\\\node.exe" "C:\\Users\\Tim\\Dropbox\\Current Projects\\!node.js\\node_modules\\npm\\bin\\npm-cli.js" "run" "build"
14 error cwd C:\Users\Tim\github-projects\TPPParkDev
15 error node -v v0.10.31
16 error npm -v 1.4.23
17 error code ELIFECYCLE
18 verbose exit [ 1, true ]
